[0.031s] Invoking command in '/home/ubuntu/magician_ros2_control_system_ws/build/dobot_msgs': CMAKE_PREFIX_PATH=/opt/ros/humble /usr/bin/cmake --build /home/ubuntu/magician_ros2_control_system_ws/build/dobot_msgs -- -j20 -l20
[0.617s] [  1%] [34m[1mGenerating C code for ROS interfaces[0m
[0.618s] [  2%] [34m[1mGenerating C++ code for ROS interfaces[0m
[0.618s] [  2%] Built target ament_cmake_python_copy_dobot_msgs
[0.618s] running egg_info
[0.618s] creating dobot_msgs.egg-info
[0.618s] writing dobot_msgs.egg-info/PKG-INFO
[0.618s] writing dependency_links to dobot_msgs.egg-info/dependency_links.txt
[0.618s] writing top-level names to dobot_msgs.egg-info/top_level.txt
[0.618s] writing manifest file 'dobot_msgs.egg-info/SOURCES.txt'
[0.618s] reading manifest file 'dobot_msgs.egg-info/SOURCES.txt'
[0.618s] Traceback (most recent call last):
[0.618s]   File "/home/ubuntu/magician_ros2_control_system_ws/build/dobot_msgs/ament_cmake_python/dobot_msgs/setup.py", line 4, in <module>
[0.618s]     setup(
[0.619s]   File "/home/ubuntu/.local/lib/python3.10/site-packages/setuptools/__init__.py", line 117, in setup
[0.619s]     return distutils.core.setup(**attrs)
[0.619s]   File "/home/ubuntu/.local/lib/python3.10/site-packages/setuptools/_distutils/core.py", line 183, in setup
[0.619s]     return run_commands(dist)
[0.619s]   File "/home/ubuntu/.local/lib/python3.10/site-packages/setuptools/_distutils/core.py", line 199, in run_commands
[0.619s]     dist.run_commands()
[0.619s]   File "/home/ubuntu/.local/lib/python3.10/site-packages/setuptools/_distutils/dist.py", line 954, in run_commands
[0.619s]     self.run_command(cmd)
[0.619s]   File "/home/ubuntu/.local/lib/python3.10/site-packages/setuptools/dist.py", line 994, in run_command
[0.619s]     super().run_command(command)
[0.619s]   File "/home/ubuntu/.local/lib/python3.10/site-packages/setuptools/_distutils/dist.py", line 973, in run_command
[0.619s]     cmd_obj.run()
[0.619s]   File "/home/ubuntu/.local/lib/python3.10/site-packages/setuptools/command/egg_info.py", line 312, in run
[0.619s]     self.find_sources()
[0.619s]   File "/home/ubuntu/.local/lib/python3.10/site-packages/setuptools/command/egg_info.py", line 320, in find_sources
[0.619s]     mm.run()
[0.619s]   File "/home/ubuntu/.local/lib/python3.10/site-packages/setuptools/command/egg_info.py", line 548, in run
[0.619s]     self.prune_file_list()
[0.619s]   File "/home/ubuntu/.local/lib/python3.10/site-packages/setuptools/command/sdist.py", line 162, in prune_file_list
[0.619s]     super().prune_file_list()
[0.619s]   File "/home/ubuntu/.local/lib/python3.10/site-packages/setuptools/_distutils/command/sdist.py", line 380, in prune_file_list
[0.619s]     base_dir = self.distribution.get_fullname()
[0.619s]   File "/home/ubuntu/.local/lib/python3.10/site-packages/setuptools/_core_metadata.py", line 267, in get_fullname
[0.620s]     return _distribution_fullname(self.get_name(), self.get_version())
[0.620s]   File "/home/ubuntu/.local/lib/python3.10/site-packages/setuptools/_core_metadata.py", line 285, in _distribution_fullname
[0.620s]     canonicalize_version(version, strip_trailing_zero=False),
[0.620s] TypeError: canonicalize_version() got an unexpected keyword argument 'strip_trailing_zero'
[0.620s] gmake[2]: *** [CMakeFiles/ament_cmake_python_build_dobot_msgs_egg.dir/build.make:70: CMakeFiles/ament_cmake_python_build_dobot_msgs_egg] Error 1
[0.620s] gmake[1]: *** [CMakeFiles/Makefile2:447: CMakeFiles/ament_cmake_python_build_dobot_msgs_egg.dir/all] Error 2
[0.620s] gmake[1]: *** Waiting for unfinished jobs....
[0.783s] [  2%] Built target dobot_msgs__cpp
[0.810s] [  3%] [32mBuilding C object CMakeFiles/dobot_msgs__rosidl_generator_c.dir/rosidl_generator_c/dobot_msgs/msg/detail/gripper_status__functions.c.o[0m
[0.810s] [  4%] [32mBuilding C object CMakeFiles/dobot_msgs__rosidl_generator_c.dir/rosidl_generator_c/dobot_msgs/srv/detail/execute_homing_procedure__functions.c.o[0m
[0.810s] [  5%] [32mBuilding C object CMakeFiles/dobot_msgs__rosidl_generator_c.dir/rosidl_generator_c/dobot_msgs/msg/detail/dobot_alarm_codes__functions.c.o[0m
[0.810s] [  6%] [32mBuilding C object CMakeFiles/dobot_msgs__rosidl_generator_c.dir/rosidl_generator_c/dobot_msgs/action/detail/sliding_rail__functions.c.o[0m
[0.810s] [  8%] [32mBuilding C object CMakeFiles/dobot_msgs__rosidl_generator_c.dir/rosidl_generator_c/dobot_msgs/action/detail/point_to_point__functions.c.o[0m
[0.810s] [  9%] [32mBuilding C object CMakeFiles/dobot_msgs__rosidl_generator_c.dir/rosidl_generator_c/dobot_msgs/srv/detail/gripper_control__functions.c.o[0m
[0.811s] [ 10%] [32mBuilding C object CMakeFiles/dobot_msgs__rosidl_generator_c.dir/rosidl_generator_c/dobot_msgs/srv/detail/suction_cup_control__functions.c.o[0m
[0.811s] [ 11%] [32mBuilding C object CMakeFiles/dobot_msgs__rosidl_generator_c.dir/rosidl_generator_c/dobot_msgs/srv/detail/evaluate_ptp_trajectory__functions.c.o[0m
[0.938s] [ 12%] [32m[1mLinking C shared library libdobot_msgs__rosidl_generator_c.so[0m
[0.977s] [ 12%] Built target dobot_msgs__rosidl_generator_c
[0.978s] gmake: *** [Makefile:146: all] Error 2
